<?xml version="1.0" encoding="UTF-8"?>
<!-- Generated by org.testng.reporters.JUnitReportReporter -->
<testsuite hostname="DESKTOP-P6508QM" failures="0" tests="5" name="com.student.practice.StudentGradeTest" time="0.016" errors="0" timestamp="2022-08-17T12:42:17 IST" skipped="0">
  <testcase classname="com.student.practice.StudentGradeTest" name="selectagradetest" time="0.001"/>
  <system-out/>
  <testcase classname="com.student.practice.StudentGradeTest" name="selectagradetest" time="0.002"/>
  <system-out/>
  <testcase classname="com.student.practice.StudentGradeTest" name="selectagradetest" time="0.010"/>
  <system-out/>
  <testcase classname="com.student.practice.StudentGradeTest" name="selectagradetest" time="0.001"/>
  <system-out/>
  <testcase classname="com.student.practice.StudentGradeTest" name="selectagradetest" time="0.002"/>
  <system-out/>
</testsuite> <!-- com.student.practice.StudentGradeTest -->
