<?xml version="1.0" encoding="UTF-8"?>
<!-- Generated by org.testng.reporters.JUnitReportReporter -->
<testsuite hostname="DESKTOP-P6508QM" failures="0" tests="7" name="com.student.practice.StudentTest4" time="0.034" errors="0" timestamp="2022-08-16T10:45:32 IST" skipped="0">
  <testcase classname="com.student.practice.StudentTest4" name="deletestudenttesttest" time="0.002"/>
  <system-out/>
  <testcase classname="com.student.practice.StudentTest4" name="editStudentTest" time="0.004"/>
  <system-out/>
  <testcase classname="com.student.practice.StudentTest4" name="editStudentTest" time="0.006"/>
  <system-out/>
  <testcase classname="com.student.practice.StudentTest4" name="createStudenttest" time="0.002"/>
  <system-out/>
  <testcase classname="com.student.practice.StudentTest4" name="editStudentTest" time="0.002"/>
  <system-out/>
  <testcase classname="com.student.practice.StudentTest4" name="editStudentTest" time="0.003"/>
  <system-out/>
  <testcase classname="com.student.practice.StudentTest4" name="createStudenttest" time="0.015"/>
  <system-out/>
</testsuite> <!-- com.student.practice.StudentTest4 -->
