<?xml version="1.0" encoding="UTF-8"?>
<!-- Generated by org.testng.reporters.JUnitReportReporter -->
<testsuite hostname="DESKTOP-P6508QM" failures="0" tests="1" name="com.TestNGimplement.wizGrade.LeaveStusent" time="27.488" errors="0" timestamp="2022-08-22T17:27:48 IST" skipped="0">
  <testcase classname="com.TestNGimplement.wizGrade.LeaveStusent" name="Leavestudenttest" time="27.488"/>
  <system-out/>
</testsuite> <!-- com.TestNGimplement.wizGrade.LeaveStusent -->
