<?xml version="1.0" encoding="UTF-8"?>
<!-- Generated by org.testng.reporters.JUnitReportReporter -->
<testsuite hostname="DESKTOP-P6508QM" failures="0" tests="1" name="com.TestNGimplement.wizGrade.searchStudnet" time="14.411" errors="0" timestamp="2022-08-22T17:57:25 IST" skipped="0">
  <testcase classname="com.TestNGimplement.wizGrade.searchStudnet" name="Searchstudent" time="14.411"/>
  <system-out/>
</testsuite> <!-- com.TestNGimplement.wizGrade.searchStudnet -->
