<?xml version="1.0" encoding="UTF-8"?>
<!-- Generated by org.testng.reporters.JUnitReportReporter -->
<testsuite hostname="DESKTOP-P6508QM" failures="0" tests="3" name="com.student.practice.Studenttest" time="0.017" errors="0" timestamp="2022-08-16T10:36:18 IST" skipped="0">
  <testcase classname="com.student.practice.Studenttest" name="deletestudenttesttest" time="0.002"/>
  <system-out/>
  <testcase classname="com.student.practice.Studenttest" name="editStudentTest" time="0.001"/>
  <system-out/>
  <testcase classname="com.student.practice.Studenttest" name="createStudenttest" time="0.014"/>
  <system-out/>
</testsuite> <!-- com.student.practice.Studenttest -->
