<?xml version="1.0" encoding="UTF-8"?>
<!-- Generated by org.testng.reporters.JUnitReportReporter -->
<testsuite hostname="DESKTOP-P6508QM" failures="0" tests="1" name="com.TestNGimplement.wizGrade.Subject" time="12.991" errors="0" timestamp="2022-08-22T17:28:59 IST" skipped="0">
  <testcase classname="com.TestNGimplement.wizGrade.Subject" name="SubjectTest" time="12.991"/>
  <system-out/>
</testsuite> <!-- com.TestNGimplement.wizGrade.Subject -->
