<?xml version="1.0" encoding="UTF-8"?>
<!-- Generated by org.testng.reporters.JUnitReportReporter -->
<testsuite hostname="DESKTOP-P6508QM" failures="0" tests="5" name="com.student.practice.StudentTest3$Studenttest1" time="0.024" errors="0" timestamp="2022-08-16T10:44:17 IST" skipped="0">
  <testcase classname="com.student.practice.StudentTest3$Studenttest1" name="editStudentTest" time="0.014"/>
  <system-out/>
  <testcase classname="com.student.practice.StudentTest3$Studenttest1" name="editStudentTest" time="0.002"/>
  <system-out/>
  <testcase classname="com.student.practice.StudentTest3$Studenttest1" name="editStudentTest" time="0.003"/>
  <system-out/>
  <testcase classname="com.student.practice.StudentTest3$Studenttest1" name="createStudenttest" time="0.002"/>
  <system-out/>
  <testcase classname="com.student.practice.StudentTest3$Studenttest1" name="deletestudenttesttest" time="0.003"/>
  <system-out/>
</testsuite> <!-- com.student.practice.StudentTest3$Studenttest1 -->
