<?xml version="1.0" encoding="UTF-8"?>
<!-- Generated by org.testng.reporters.JUnitReportReporter -->
<testsuite hostname="DESKTOP-P6508QM" failures="0" tests="5" name="com.student.practice.StudentGradeTest1" time="0.025" errors="0" timestamp="2022-08-16T10:51:25 IST" skipped="0">
  <testcase classname="com.student.practice.StudentGradeTest1" name="selectagradetest" time="0.002"/>
  <system-out/>
  <testcase classname="com.student.practice.StudentGradeTest1" name="selectagradetest" time="0.004"/>
  <system-out/>
  <testcase classname="com.student.practice.StudentGradeTest1" name="selectagradetest" time="0.011"/>
  <system-out/>
  <testcase classname="com.student.practice.StudentGradeTest1" name="selectagradetest" time="0.004"/>
  <system-out/>
  <testcase classname="com.student.practice.StudentGradeTest1" name="selectagradetest" time="0.004"/>
  <system-out/>
</testsuite> <!-- com.student.practice.StudentGradeTest1 -->
